# Reading C:/questasim64_10.4c/tcl/vsim/pref.tcl
# //  Questa Sim-64
# //  Version 10.4c win64 Jul 20 2015
# //
# //  Copyright 1991-2015 Mentor Graphics Corporation
# //  All Rights Reserved.
# //
# //  THIS WORK CONTAINS TRADE SECRET AND PROPRIETARY INFORMATION
# //  WHICH IS THE PROPERTY OF MENTOR GRAPHICS CORPORATION OR ITS
# //  LICENSORS AND IS SUBJECT TO LICENSE TERMS.
# //  THIS DOCUMENT CONTAINS TRADE SECRETS AND COMMERCIAL OR FINANCIAL
# //  INFORMATION THAT ARE PRIVILEGED, CONFIDENTIAL, AND EXEMPT FROM
# //  DISCLOSURE UNDER THE FREEDOM OF INFORMATION ACT, 5 U.S.C. SECTION 552.
# //  FURTHERMORE, THIS INFORMATION IS PROHIBITED FROM DISCLOSURE UNDER
# //  THE TRADE SECRETS ACT, 18 U.S.C. SECTION 1905.
# //
# do run.do
# INFO: Simulation library presynth already exists
# QuestaSim-64 vmap 10.4c Lib Mapping Utility 2015.07 Jul 20 2015
# vmap presynth presynth 
# Modifying modelsim.ini
# QuestaSim-64 vmap 10.4c Lib Mapping Utility 2015.07 Jul 20 2015
# vmap proasic3l C:/Microsemi/Libero_SoC_v11.8/Designer/lib/questa/precompiled/vlog/proasic3l 
# Modifying modelsim.ini
# QuestaSim-64 vcom 10.4c Compiler 2015.07 Jul 20 2015
# Start time: 17:19:22 on Apr 29,2020
# vcom -reportprogress 300 -2008 -explicit -work presynth G:/ACTELL/EKB/EKB/EKB/hdl/count_n_modul.vhd 
# -- Loading package STANDARD
# -- Loading package TEXTIO
# -- Loading package std_logic_1164
# -- Loading package std_logic_arith
# -- Loading package STD_LOGIC_UNSIGNED
# -- Compiling entity count_n_modul
# -- Compiling architecture beh of count_n_modul
# End time: 17:19:22 on Apr 29,2020, Elapsed time: 0:00:00
# Errors: 0, Warnings: 0
# QuestaSim-64 vcom 10.4c Compiler 2015.07 Jul 20 2015
# Start time: 17:19:22 on Apr 29,2020
# vcom -reportprogress 300 -2008 -explicit -work presynth G:/ACTELL/EKB/EKB/EKB/hdl/CONSTANTS.vhd 
# -- Loading package STANDARD
# -- Loading package TEXTIO
# -- Loading package std_logic_1164
# -- Loading package std_logic_arith
# -- Loading package STD_LOGIC_UNSIGNED
# -- Compiling package CONSTANTS
# End time: 17:19:22 on Apr 29,2020, Elapsed time: 0:00:00
# Errors: 0, Warnings: 0
# QuestaSim-64 vcom 10.4c Compiler 2015.07 Jul 20 2015
# Start time: 17:19:22 on Apr 29,2020
# vcom -reportprogress 300 -2008 -explicit -work presynth G:/ACTELL/EKB/EKB/EKB/stimulus/TB_CNT.vhd 
# -- Loading package STANDARD
# -- Loading package TEXTIO
# -- Loading package std_logic_1164
# -- Compiling entity TB_CNT
# -- Compiling architecture architecture_TB_CNT of TB_CNT
# End time: 17:19:22 on Apr 29,2020, Elapsed time: 0:00:00
# Errors: 0, Warnings: 0
# vsim -novopt -L proasic3l -L presynth -t 1ps presynth.TB_CNT 
# Start time: 17:19:22 on Apr 29,2020
# ** Warning: (vsim-8891) All optimizations are turned off because the -novopt switch is in effect. This will cause your simulation to run very slowly. If you are using this switch to preserve visibility for Debug or PLI features please see the User's Manual section on Preserving Object Visibility with vopt.
# 
# Loading std.standard
# Refreshing G:/ACTELL/EKB/EKB/EKB/simulation/presynth.tb_cnt(architecture_tb_cnt)
# Loading std.textio(body)
# Loading ieee.std_logic_1164(body)
# Loading presynth.tb_cnt(architecture_tb_cnt)
# ** Error: (vish-4014) No objects found matching '/tb_ekb_top/EKB_top_0/sync_gen_pix_str_frame_q/ena_clk_x_q_IS'.
# Executing ONERROR command at macro G:\ACTELL\EKB\EKB\EKB\wave.do line 16
# ** Error: (vish-4014) No objects found matching '/tb_ekb_top/EKB_top_0/sync_gen_pix_str_frame_q/ena_clk_x_q_Inteface'.
# Executing ONERROR command at macro G:\ACTELL\EKB\EKB\EKB\wave.do line 17
# ** Error: (vish-4014) No objects found matching '/tb_ekb_top/EKB_top_0/sync_gen_pix_str_frame_q/kadr_IS'.
# Executing ONERROR command at macro G:\ACTELL\EKB\EKB\EKB\wave.do line 19
# ** Error: (vish-4014) No objects found matching '/tb_ekb_top/EKB_top_0/sync_gen_pix_str_frame_q/kadr_Inteface'.
# Executing ONERROR command at macro G:\ACTELL\EKB\EKB\EKB\wave.do line 21
# ** Error: (vish-4014) No objects found matching '/tb_ekb_top/EKB_top_0/sync_gen_pix_str_frame_q/qout_clk_IS'.
# Executing ONERROR command at macro G:\ACTELL\EKB\EKB\EKB\wave.do line 23
# ** Error: (vish-4014) No objects found matching '/tb_ekb_top/EKB_top_0/sync_gen_pix_str_frame_q/qout_clk_Inteface'.
# Executing ONERROR command at macro G:\ACTELL\EKB\EKB\EKB\wave.do line 25
# ** Error: (vish-4014) No objects found matching '/tb_ekb_top/EKB_top_0/sync_gen_pix_str_frame_q/qout_frame_IS'.
# Executing ONERROR command at macro G:\ACTELL\EKB\EKB\EKB\wave.do line 27
# ** Error: (vish-4014) No objects found matching '/tb_ekb_top/EKB_top_0/sync_gen_pix_str_frame_q/qout_frame_Inteface'.
# Executing ONERROR command at macro G:\ACTELL\EKB\EKB\EKB\wave.do line 29
# ** Error: (vish-4014) No objects found matching '/tb_ekb_top/EKB_top_0/sync_gen_pix_str_frame_q/qout_v_IS'.
# Executing ONERROR command at macro G:\ACTELL\EKB\EKB\EKB\wave.do line 31
# ** Error: (vish-4014) No objects found matching '/tb_ekb_top/EKB_top_0/sync_gen_pix_str_frame_q/qout_v_Inteface'.
# Executing ONERROR command at macro G:\ACTELL\EKB\EKB\EKB\wave.do line 33
# ** Error: (vish-4014) No objects found matching '/tb_ekb_top/EKB_top_0/sync_gen_pix_str_frame_q/stroka_IS'.
# Executing ONERROR command at macro G:\ACTELL\EKB\EKB\EKB\wave.do line 35
# ** Error: (vish-4014) No objects found matching '/tb_ekb_top/EKB_top_0/sync_gen_pix_str_frame_q/stroka_Inteface'.
# Executing ONERROR command at macro G:\ACTELL\EKB\EKB\EKB\wave.do line 37
# End time: 17:19:51 on Apr 29,2020, Elapsed time: 0:00:29
# Errors: 36, Warnings: 1
